Some weights of RobertaModel were not initialized from the model checkpoint at roberta-large and are newly initialized: ['roberta.pooler.dense.bias', 'roberta.pooler.dense.weight']
You should probably TRAIN this model on a down-stream task to be able to use it for predictions and inference.
  0%|          | 0/3 [00:00<?, ?it/s] 33%|███▎      | 1/3 [00:02<00:05,  2.85s/it] 67%|██████▋   | 2/3 [00:03<00:01,  1.51s/it]100%|██████████| 3/3 [00:03<00:00,  1.13it/s]100%|██████████| 3/3 [00:03<00:00,  1.19s/it]
  0%|          | 0/3 [00:00<?, ?it/s] 33%|███▎      | 1/3 [00:00<00:00,  4.94it/s]100%|██████████| 3/3 [00:00<00:00, 12.42it/s]
Some weights of RobertaModel were not initialized from the model checkpoint at roberta-large and are newly initialized: ['roberta.pooler.dense.bias', 'roberta.pooler.dense.weight']
You should probably TRAIN this model on a down-stream task to be able to use it for predictions and inference.
  0%|          | 0/1 [00:00<?, ?it/s]100%|██████████| 1/1 [00:01<00:00,  1.90s/it]100%|██████████| 1/1 [00:01<00:00,  1.90s/it]
  0%|          | 0/3 [00:00<?, ?it/s]100%|██████████| 3/3 [00:00<00:00, 45.80it/s]
Token indices sequence length is longer than the specified maximum sequence length for this model (65913 > 512). Running this sequence through the model will result in indexing errors
DistilBertSdpaAttention is used but `torch.nn.functional.scaled_dot_product_attention` does not support `output_attentions=True` or `head_mask`. Falling back to the manual attention implementation, but specifying the manual implementation will be required from Transformers version v5.0.0 onwards. This warning can be removed using the argument `attn_implementation="eager"` when loading the model.
/pytorch/aten/src/ATen/native/cuda/Indexing.cu:1422: indexSelectLargeIndex: block: [113,0,0], thread: [96,0,0] Assertion `srcIndex < srcSelectDimSize` failed.
/pytorch/aten/src/ATen/native/cuda/Indexing.cu:1422: indexSelectLargeIndex: block: [113,0,0], thread: [97,0,0] Assertion `srcIndex < srcSelectDimSize` failed.
/pytorch/aten/src/ATen/native/cuda/Indexing.cu:1422: indexSelectLargeIndex: block: [113,0,0], thread: [98,0,0] Assertion `srcIndex < srcSelectDimSize` failed.
/pytorch/aten/src/ATen/native/cuda/Indexing.cu:1422: indexSelectLargeIndex: block: [113,0,0], thread: [99,0,0] Assertion `srcIndex < srcSelectDimSize` failed.
/pytorch/aten/src/ATen/native/cuda/Indexing.cu:1422: indexSelectLargeIndex: block: [113,0,0], thread: [100,0,0] Assertion `srcIndex < srcSelectDimSize` failed.
/pytorch/aten/src/ATen/native/cuda/Indexing.cu:1422: indexSelectLargeIndex: block: [113,0,0], thread: [101,0,0] Assertion `srcIndex < srcSelectDimSize` failed.
/pytorch/aten/src/ATen/native/cuda/Indexing.cu:1422: indexSelectLargeIndex: block: [113,0,0], thread: [102,0,0] Assertion `srcIndex < srcSelectDimSize` failed.
/pytorch/aten/src/ATen/native/cuda/Indexing.cu:1422: indexSelectLargeIndex: block: [113,0,0], thread: [103,0,0] Assertion `srcIndex < srcSelectDimSize` failed.
/pytorch/aten/src/ATen/native/cuda/Indexing.cu:1422: indexSelectLargeIndex: block: [113,0,0], thread: [104,0,0] Assertion `srcIndex < srcSelectDimSize` failed.
/pytorch/aten/src/ATen/native/cuda/Indexing.cu:1422: indexSelectLargeIndex: block: [113,0,0], thread: [105,0,0] Assertion `srcIndex < srcSelectDimSize` failed.
/pytorch/aten/src/ATen/native/cuda/Indexing.cu:1422: indexSelectLargeIndex: block: [113,0,0], thread: [106,0,0] Assertion `srcIndex < srcSelectDimSize` failed.
/pytorch/aten/src/ATen/native/cuda/Indexing.cu:1422: indexSelectLargeIndex: block: [113,0,0], thread: [107,0,0] Assertion `srcIndex < srcSelectDimSize` failed.
/pytorch/aten/src/ATen/native/cuda/Indexing.cu:1422: indexSelectLargeIndex: block: [113,0,0], thread: [108,0,0] Assertion `srcIndex < srcSelectDimSize` failed.
/pytorch/aten/src/ATen/native/cuda/Indexing.cu:1422: indexSelectLargeIndex: block: [113,0,0], thread: [109,0,0] Assertion `srcIndex < srcSelectDimSize` failed.
/pytorch/aten/src/ATen/native/cuda/Indexing.cu:1422: indexSelectLargeIndex: block: [113,0,0], thread: [110,0,0] Assertion `srcIndex < srcSelectDimSize` failed.
/pytorch/aten/src/ATen/native/cuda/Indexing.cu:1422: indexSelectLargeIndex: block: [113,0,0], thread: [111,0,0] Assertion `srcIndex < srcSelectDimSize` failed.
/pytorch/aten/src/ATen/native/cuda/Indexing.cu:1422: indexSelectLargeIndex: block: [113,0,0], thread: [112,0,0] Assertion `srcIndex < srcSelectDimSize` failed.
/pytorch/aten/src/ATen/native/cuda/Indexing.cu:1422: indexSelectLargeIndex: block: [113,0,0], thread: [113,0,0] Assertion `srcIndex < srcSelectDimSize` failed.
/pytorch/aten/src/ATen/native/cuda/Indexing.cu:1422: indexSelectLargeIndex: block: [113,0,0], thread: [114,0,0] Assertion `srcIndex < srcSelectDimSize` failed.
/pytorch/aten/src/ATen/native/cuda/Indexing.cu:1422: indexSelectLargeIndex: block: [113,0,0], thread: [115,0,0] Assertion `srcIndex < srcSelectDimSize` failed.
/pytorch/aten/src/ATen/native/cuda/Indexing.cu:1422: indexSelectLargeIndex: block: [113,0,0], thread: [116,0,0] Assertion `srcIndex < srcSelectDimSize` failed.
/pytorch/aten/src/ATen/native/cuda/Indexing.cu:1422: indexSelectLargeIndex: block: [113,0,0], thread: [117,0,0] Assertion `srcIndex < srcSelectDimSize` failed.
/pytorch/aten/src/ATen/native/cuda/Indexing.cu:1422: indexSelectLargeIndex: block: [113,0,0], thread: [118,0,0] Assertion `srcIndex < srcSelectDimSize` failed.
/pytorch/aten/src/ATen/native/cuda/Indexing.cu:1422: indexSelectLargeIndex: block: [113,0,0], thread: [119,0,0] Assertion `srcIndex < srcSelectDimSize` failed.
/pytorch/aten/src/ATen/native/cuda/Indexing.cu:1422: indexSelectLargeIndex: block: [113,0,0], thread: [120,0,0] Assertion `srcIndex < srcSelectDimSize` failed.
/pytorch/aten/src/ATen/native/cuda/Indexing.cu:1422: indexSelectLargeIndex: block: [113,0,0], thread: [121,0,0] Assertion `srcIndex < srcSelectDimSize` failed.
/pytorch/aten/src/ATen/native/cuda/Indexing.cu:1422: indexSelectLargeIndex: block: [113,0,0], thread: [122,0,0] Assertion `srcIndex < srcSelectDimSize` failed.
/pytorch/aten/src/ATen/native/cuda/Indexing.cu:1422: indexSelectLargeIndex: block: [113,0,0], thread: [123,0,0] Assertion `srcIndex < srcSelectDimSize` failed.
/pytorch/aten/src/ATen/native/cuda/Indexing.cu:1422: indexSelectLargeIndex: block: [113,0,0], thread: [124,0,0] Assertion `srcIndex < srcSelectDimSize` failed.
/pytorch/aten/src/ATen/native/cuda/Indexing.cu:1422: indexSelectLargeIndex: block: [113,0,0], thread: [125,0,0] Assertion `srcIndex < srcSelectDimSize` failed.
/pytorch/aten/src/ATen/native/cuda/Indexing.cu:1422: indexSelectLargeIndex: block: [113,0,0], thread: [126,0,0] Assertion `srcIndex < srcSelectDimSize` failed.
/pytorch/aten/src/ATen/native/cuda/Indexing.cu:1422: indexSelectLargeIndex: block: [113,0,0], thread: [127,0,0] Assertion `srcIndex < srcSelectDimSize` failed.
/pytorch/aten/src/ATen/native/cuda/Indexing.cu:1422: indexSelectLargeIndex: block: [99,0,0], thread: [64,0,0] Assertion `srcIndex < srcSelectDimSize` failed.
/pytorch/aten/src/ATen/native/cuda/Indexing.cu:1422: indexSelectLargeIndex: block: [99,0,0], thread: [65,0,0] Assertion `srcIndex < srcSelectDimSize` failed.
/pytorch/aten/src/ATen/native/cuda/Indexing.cu:1422: indexSelectLargeIndex: block: [99,0,0], thread: [66,0,0] Assertion `srcIndex < srcSelectDimSize` failed.
/pytorch/aten/src/ATen/native/cuda/Indexing.cu:1422: indexSelectLargeIndex: block: [99,0,0], thread: [67,0,0] Assertion `srcIndex < srcSelectDimSize` failed.
/pytorch/aten/src/ATen/native/cuda/Indexing.cu:1422: indexSelectLargeIndex: block: [99,0,0], thread: [68,0,0] Assertion `srcIndex < srcSelectDimSize` failed.
/pytorch/aten/src/ATen/native/cuda/Indexing.cu:1422: indexSelectLargeIndex: block: [99,0,0], thread: [69,0,0] Assertion `srcIndex < srcSelectDimSize` failed.
/pytorch/aten/src/ATen/native/cuda/Indexing.cu:1422: indexSelectLargeIndex: block: [99,0,0], thread: [70,0,0] Assertion `srcIndex < srcSelectDimSize` failed.
/pytorch/aten/src/ATen/native/cuda/Indexing.cu:1422: indexSelectLargeIndex: block: [99,0,0], thread: [71,0,0] Assertion `srcIndex < srcSelectDimSize` failed.
/pytorch/aten/src/ATen/native/cuda/Indexing.cu:1422: indexSelectLargeIndex: block: [99,0,0], thread: [72,0,0] Assertion `srcIndex < srcSelectDimSize` failed.
/pytorch/aten/src/ATen/native/cuda/Indexing.cu:1422: indexSelectLargeIndex: block: [99,0,0], thread: [73,0,0] Assertion `srcIndex < srcSelectDimSize` failed.
/pytorch/aten/src/ATen/native/cuda/Indexing.cu:1422: indexSelectLargeIndex: block: [99,0,0], thread: [74,0,0] Assertion `srcIndex < srcSelectDimSize` failed.
/pytorch/aten/src/ATen/native/cuda/Indexing.cu:1422: indexSelectLargeIndex: block: [99,0,0], thread: [75,0,0] Assertion `srcIndex < srcSelectDimSize` failed.
/pytorch/aten/src/ATen/native/cuda/Indexing.cu:1422: indexSelectLargeIndex: block: [99,0,0], thread: [76,0,0] Assertion `srcIndex < srcSelectDimSize` failed.
/pytorch/aten/src/ATen/native/cuda/Indexing.cu:1422: indexSelectLargeIndex: block: [99,0,0], thread: [77,0,0] Assertion `srcIndex < srcSelectDimSize` failed.
/pytorch/aten/src/ATen/native/cuda/Indexing.cu:1422: indexSelectLargeIndex: block: [99,0,0], thread: [78,0,0] Assertion `srcIndex < srcSelectDimSize` failed.
/pytorch/aten/src/ATen/native/cuda/Indexing.cu:1422: indexSelectLargeIndex: block: [99,0,0], thread: [79,0,0] Assertion `srcIndex < srcSelectDimSize` failed.
/pytorch/aten/src/ATen/native/cuda/Indexing.cu:1422: indexSelectLargeIndex: block: [99,0,0], thread: [80,0,0] Assertion `srcIndex < srcSelectDimSize` failed.
/pytorch/aten/src/ATen/native/cuda/Indexing.cu:1422: indexSelectLargeIndex: block: [99,0,0], thread: [81,0,0] Assertion `srcIndex < srcSelectDimSize` failed.
/pytorch/aten/src/ATen/native/cuda/Indexing.cu:1422: indexSelectLargeIndex: block: [99,0,0], thread: [82,0,0] Assertion `srcIndex < srcSelectDimSize` failed.
/pytorch/aten/src/ATen/native/cuda/Indexing.cu:1422: indexSelectLargeIndex: block: [99,0,0], thread: [83,0,0] Assertion `srcIndex < srcSelectDimSize` failed.
/pytorch/aten/src/ATen/native/cuda/Indexing.cu:1422: indexSelectLargeIndex: block: [99,0,0], thread: [84,0,0] Assertion `srcIndex < srcSelectDimSize` failed.
/pytorch/aten/src/ATen/native/cuda/Indexing.cu:1422: indexSelectLargeIndex: block: [99,0,0], thread: [85,0,0] Assertion `srcIndex < srcSelectDimSize` failed.
/pytorch/aten/src/ATen/native/cuda/Indexing.cu:1422: indexSelectLargeIndex: block: [99,0,0], thread: [86,0,0] Assertion `srcIndex < srcSelectDimSize` failed.
/pytorch/aten/src/ATen/native/cuda/Indexing.cu:1422: indexSelectLargeIndex: block: [99,0,0], thread: [87,0,0] Assertion `srcIndex < srcSelectDimSize` failed.
/pytorch/aten/src/ATen/native/cuda/Indexing.cu:1422: indexSelectLargeIndex: block: [99,0,0], thread: [88,0,0] Assertion `srcIndex < srcSelectDimSize` failed.
/pytorch/aten/src/ATen/native/cuda/Indexing.cu:1422: indexSelectLargeIndex: block: [99,0,0], thread: [89,0,0] Assertion `srcIndex < srcSelectDimSize` failed.
/pytorch/aten/src/ATen/native/cuda/Indexing.cu:1422: indexSelectLargeIndex: block: [99,0,0], thread: [90,0,0] Assertion `srcIndex < srcSelectDimSize` failed.
/pytorch/aten/src/ATen/native/cuda/Indexing.cu:1422: indexSelectLargeIndex: block: [99,0,0], thread: [91,0,0] Assertion `srcIndex < srcSelectDimSize` failed.
/pytorch/aten/src/ATen/native/cuda/Indexing.cu:1422: indexSelectLargeIndex: block: [99,0,0], thread: [92,0,0] Assertion `srcIndex < srcSelectDimSize` failed.
/pytorch/aten/src/ATen/native/cuda/Indexing.cu:1422: indexSelectLargeIndex: block: [99,0,0], thread: [93,0,0] Assertion `srcIndex < srcSelectDimSize` failed.
/pytorch/aten/src/ATen/native/cuda/Indexing.cu:1422: indexSelectLargeIndex: block: [99,0,0], thread: [94,0,0] Assertion `srcIndex < srcSelectDimSize` failed.
/pytorch/aten/src/ATen/native/cuda/Indexing.cu:1422: indexSelectLargeIndex: block: [99,0,0], thread: [95,0,0] Assertion `srcIndex < srcSelectDimSize` failed.
/pytorch/aten/src/ATen/native/cuda/Indexing.cu:1422: indexSelectLargeIndex: block: [101,0,0], thread: [96,0,0] Assertion `srcIndex < srcSelectDimSize` failed.
/pytorch/aten/src/ATen/native/cuda/Indexing.cu:1422: indexSelectLargeIndex: block: [101,0,0], thread: [97,0,0] Assertion `srcIndex < srcSelectDimSize` failed.
/pytorch/aten/src/ATen/native/cuda/Indexing.cu:1422: indexSelectLargeIndex: block: [101,0,0], thread: [98,0,0] Assertion `srcIndex < srcSelectDimSize` failed.
/pytorch/aten/src/ATen/native/cuda/Indexing.cu:1422: indexSelectLargeIndex: block: [101,0,0], thread: [99,0,0] Assertion `srcIndex < srcSelectDimSize` failed.
/pytorch/aten/src/ATen/native/cuda/Indexing.cu:1422: indexSelectLargeIndex: block: [101,0,0], thread: [100,0,0] Assertion `srcIndex < srcSelectDimSize` failed.
/pytorch/aten/src/ATen/native/cuda/Indexing.cu:1422: indexSelectLargeIndex: block: [101,0,0], thread: [101,0,0] Assertion `srcIndex < srcSelectDimSize` failed.
/pytorch/aten/src/ATen/native/cuda/Indexing.cu:1422: indexSelectLargeIndex: block: [101,0,0], thread: [102,0,0] Assertion `srcIndex < srcSelectDimSize` failed.
/pytorch/aten/src/ATen/native/cuda/Indexing.cu:1422: indexSelectLargeIndex: block: [101,0,0], thread: [103,0,0] Assertion `srcIndex < srcSelectDimSize` failed.
/pytorch/aten/src/ATen/native/cuda/Indexing.cu:1422: indexSelectLargeIndex: block: [101,0,0], thread: [104,0,0] Assertion `srcIndex < srcSelectDimSize` failed.
/pytorch/aten/src/ATen/native/cuda/Indexing.cu:1422: indexSelectLargeIndex: block: [101,0,0], thread: [105,0,0] Assertion `srcIndex < srcSelectDimSize` failed.
/pytorch/aten/src/ATen/native/cuda/Indexing.cu:1422: indexSelectLargeIndex: block: [101,0,0], thread: [106,0,0] Assertion `srcIndex < srcSelectDimSize` failed.
/pytorch/aten/src/ATen/native/cuda/Indexing.cu:1422: indexSelectLargeIndex: block: [101,0,0], thread: [107,0,0] Assertion `srcIndex < srcSelectDimSize` failed.
/pytorch/aten/src/ATen/native/cuda/Indexing.cu:1422: indexSelectLargeIndex: block: [101,0,0], thread: [108,0,0] Assertion `srcIndex < srcSelectDimSize` failed.
/pytorch/aten/src/ATen/native/cuda/Indexing.cu:1422: indexSelectLargeIndex: block: [101,0,0], thread: [109,0,0] Assertion `srcIndex < srcSelectDimSize` failed.
/pytorch/aten/src/ATen/native/cuda/Indexing.cu:1422: indexSelectLargeIndex: block: [101,0,0], thread: [110,0,0] Assertion `srcIndex < srcSelectDimSize` failed.
/pytorch/aten/src/ATen/native/cuda/Indexing.cu:1422: indexSelectLargeIndex: block: [101,0,0], thread: [111,0,0] Assertion `srcIndex < srcSelectDimSize` failed.
/pytorch/aten/src/ATen/native/cuda/Indexing.cu:1422: indexSelectLargeIndex: block: [101,0,0], thread: [112,0,0] Assertion `srcIndex < srcSelectDimSize` failed.
/pytorch/aten/src/ATen/native/cuda/Indexing.cu:1422: indexSelectLargeIndex: block: [101,0,0], thread: [113,0,0] Assertion `srcIndex < srcSelectDimSize` failed.
/pytorch/aten/src/ATen/native/cuda/Indexing.cu:1422: indexSelectLargeIndex: block: [101,0,0], thread: [114,0,0] Assertion `srcIndex < srcSelectDimSize` failed.
/pytorch/aten/src/ATen/native/cuda/Indexing.cu:1422: indexSelectLargeIndex: block: [101,0,0], thread: [115,0,0] Assertion `srcIndex < srcSelectDimSize` failed.
/pytorch/aten/src/ATen/native/cuda/Indexing.cu:1422: indexSelectLargeIndex: block: [101,0,0], thread: [116,0,0] Assertion `srcIndex < srcSelectDimSize` failed.
/pytorch/aten/src/ATen/native/cuda/Indexing.cu:1422: indexSelectLargeIndex: block: [101,0,0], thread: [117,0,0] Assertion `srcIndex < srcSelectDimSize` failed.
/pytorch/aten/src/ATen/native/cuda/Indexing.cu:1422: indexSelectLargeIndex: block: [101,0,0], thread: [118,0,0] Assertion `srcIndex < srcSelectDimSize` failed.
/pytorch/aten/src/ATen/native/cuda/Indexing.cu:1422: indexSelectLargeIndex: block: [101,0,0], thread: [119,0,0] Assertion `srcIndex < srcSelectDimSize` failed.
/pytorch/aten/src/ATen/native/cuda/Indexing.cu:1422: indexSelectLargeIndex: block: [101,0,0], thread: [120,0,0] Assertion `srcIndex < srcSelectDimSize` failed.
/pytorch/aten/src/ATen/native/cuda/Indexing.cu:1422: indexSelectLargeIndex: block: [101,0,0], thread: [121,0,0] Assertion `srcIndex < srcSelectDimSize` failed.
/pytorch/aten/src/ATen/native/cuda/Indexing.cu:1422: indexSelectLargeIndex: block: [101,0,0], thread: [122,0,0] Assertion `srcIndex < srcSelectDimSize` failed.
/pytorch/aten/src/ATen/native/cuda/Indexing.cu:1422: indexSelectLargeIndex: block: [101,0,0], thread: [123,0,0] Assertion `srcIndex < srcSelectDimSize` failed.
/pytorch/aten/src/ATen/native/cuda/Indexing.cu:1422: indexSelectLargeIndex: block: [101,0,0], thread: [124,0,0] Assertion `srcIndex < srcSelectDimSize` failed.
/pytorch/aten/src/ATen/native/cuda/Indexing.cu:1422: indexSelectLargeIndex: block: [101,0,0], thread: [125,0,0] Assertion `srcIndex < srcSelectDimSize` failed.
/pytorch/aten/src/ATen/native/cuda/Indexing.cu:1422: indexSelectLargeIndex: block: [101,0,0], thread: [126,0,0] Assertion `srcIndex < srcSelectDimSize` failed.
/pytorch/aten/src/ATen/native/cuda/Indexing.cu:1422: indexSelectLargeIndex: block: [101,0,0], thread: [127,0,0] Assertion `srcIndex < srcSelectDimSize` failed.
/pytorch/aten/src/ATen/native/cuda/Indexing.cu:1422: indexSelectLargeIndex: block: [24,0,0], thread: [64,0,0] Assertion `srcIndex < srcSelectDimSize` failed.
/pytorch/aten/src/ATen/native/cuda/Indexing.cu:1422: indexSelectLargeIndex: block: [24,0,0], thread: [65,0,0] Assertion `srcIndex < srcSelectDimSize` failed.
/pytorch/aten/src/ATen/native/cuda/Indexing.cu:1422: indexSelectLargeIndex: block: [24,0,0], thread: [66,0,0] Assertion `srcIndex < srcSelectDimSize` failed.
/pytorch/aten/src/ATen/native/cuda/Indexing.cu:1422: indexSelectLargeIndex: block: [24,0,0], thread: [67,0,0] Assertion `srcIndex < srcSelectDimSize` failed.
/pytorch/aten/src/ATen/native/cuda/Indexing.cu:1422: indexSelectLargeIndex: block: [24,0,0], thread: [68,0,0] Assertion `srcIndex < srcSelectDimSize` failed.
/pytorch/aten/src/ATen/native/cuda/Indexing.cu:1422: indexSelectLargeIndex: block: [24,0,0], thread: [69,0,0] Assertion `srcIndex < srcSelectDimSize` failed.
/pytorch/aten/src/ATen/native/cuda/Indexing.cu:1422: indexSelectLargeIndex: block: [24,0,0], thread: [70,0,0] Assertion `srcIndex < srcSelectDimSize` failed.
/pytorch/aten/src/ATen/native/cuda/Indexing.cu:1422: indexSelectLargeIndex: block: [24,0,0], thread: [71,0,0] Assertion `srcIndex < srcSelectDimSize` failed.
/pytorch/aten/src/ATen/native/cuda/Indexing.cu:1422: indexSelectLargeIndex: block: [24,0,0], thread: [72,0,0] Assertion `srcIndex < srcSelectDimSize` failed.
/pytorch/aten/src/ATen/native/cuda/Indexing.cu:1422: indexSelectLargeIndex: block: [24,0,0], thread: [73,0,0] Assertion `srcIndex < srcSelectDimSize` failed.
/pytorch/aten/src/ATen/native/cuda/Indexing.cu:1422: indexSelectLargeIndex: block: [24,0,0], thread: [74,0,0] Assertion `srcIndex < srcSelectDimSize` failed.
/pytorch/aten/src/ATen/native/cuda/Indexing.cu:1422: indexSelectLargeIndex: block: [24,0,0], thread: [75,0,0] Assertion `srcIndex < srcSelectDimSize` failed.
/pytorch/aten/src/ATen/native/cuda/Indexing.cu:1422: indexSelectLargeIndex: block: [24,0,0], thread: [76,0,0] Assertion `srcIndex < srcSelectDimSize` failed.
/pytorch/aten/src/ATen/native/cuda/Indexing.cu:1422: indexSelectLargeIndex: block: [24,0,0], thread: [77,0,0] Assertion `srcIndex < srcSelectDimSize` failed.
/pytorch/aten/src/ATen/native/cuda/Indexing.cu:1422: indexSelectLargeIndex: block: [24,0,0], thread: [78,0,0] Assertion `srcIndex < srcSelectDimSize` failed.
/pytorch/aten/src/ATen/native/cuda/Indexing.cu:1422: indexSelectLargeIndex: block: [24,0,0], thread: [79,0,0] Assertion `srcIndex < srcSelectDimSize` failed.
/pytorch/aten/src/ATen/native/cuda/Indexing.cu:1422: indexSelectLargeIndex: block: [24,0,0], thread: [80,0,0] Assertion `srcIndex < srcSelectDimSize` failed.
/pytorch/aten/src/ATen/native/cuda/Indexing.cu:1422: indexSelectLargeIndex: block: [24,0,0], thread: [81,0,0] Assertion `srcIndex < srcSelectDimSize` failed.
/pytorch/aten/src/ATen/native/cuda/Indexing.cu:1422: indexSelectLargeIndex: block: [24,0,0], thread: [82,0,0] Assertion `srcIndex < srcSelectDimSize` failed.
/pytorch/aten/src/ATen/native/cuda/Indexing.cu:1422: indexSelectLargeIndex: block: [24,0,0], thread: [83,0,0] Assertion `srcIndex < srcSelectDimSize` failed.
/pytorch/aten/src/ATen/native/cuda/Indexing.cu:1422: indexSelectLargeIndex: block: [24,0,0], thread: [84,0,0] Assertion `srcIndex < srcSelectDimSize` failed.
/pytorch/aten/src/ATen/native/cuda/Indexing.cu:1422: indexSelectLargeIndex: block: [24,0,0], thread: [85,0,0] Assertion `srcIndex < srcSelectDimSize` failed.
/pytorch/aten/src/ATen/native/cuda/Indexing.cu:1422: indexSelectLargeIndex: block: [24,0,0], thread: [86,0,0] Assertion `srcIndex < srcSelectDimSize` failed.
/pytorch/aten/src/ATen/native/cuda/Indexing.cu:1422: indexSelectLargeIndex: block: [24,0,0], thread: [87,0,0] Assertion `srcIndex < srcSelectDimSize` failed.
/pytorch/aten/src/ATen/native/cuda/Indexing.cu:1422: indexSelectLargeIndex: block: [24,0,0], thread: [88,0,0] Assertion `srcIndex < srcSelectDimSize` failed.
/pytorch/aten/src/ATen/native/cuda/Indexing.cu:1422: indexSelectLargeIndex: block: [24,0,0], thread: [89,0,0] Assertion `srcIndex < srcSelectDimSize` failed.
/pytorch/aten/src/ATen/native/cuda/Indexing.cu:1422: indexSelectLargeIndex: block: [24,0,0], thread: [90,0,0] Assertion `srcIndex < srcSelectDimSize` failed.
/pytorch/aten/src/ATen/native/cuda/Indexing.cu:1422: indexSelectLargeIndex: block: [24,0,0], thread: [91,0,0] Assertion `srcIndex < srcSelectDimSize` failed.
/pytorch/aten/src/ATen/native/cuda/Indexing.cu:1422: indexSelectLargeIndex: block: [24,0,0], thread: [92,0,0] Assertion `srcIndex < srcSelectDimSize` failed.
/pytorch/aten/src/ATen/native/cuda/Indexing.cu:1422: indexSelectLargeIndex: block: [24,0,0], thread: [93,0,0] Assertion `srcIndex < srcSelectDimSize` failed.
/pytorch/aten/src/ATen/native/cuda/Indexing.cu:1422: indexSelectLargeIndex: block: [24,0,0], thread: [94,0,0] Assertion `srcIndex < srcSelectDimSize` failed.
/pytorch/aten/src/ATen/native/cuda/Indexing.cu:1422: indexSelectLargeIndex: block: [24,0,0], thread: [95,0,0] Assertion `srcIndex < srcSelectDimSize` failed.
/pytorch/aten/src/ATen/native/cuda/Indexing.cu:1422: indexSelectLargeIndex: block: [134,0,0], thread: [0,0,0] Assertion `srcIndex < srcSelectDimSize` failed.
/pytorch/aten/src/ATen/native/cuda/Indexing.cu:1422: indexSelectLargeIndex: block: [134,0,0], thread: [1,0,0] Assertion `srcIndex < srcSelectDimSize` failed.
/pytorch/aten/src/ATen/native/cuda/Indexing.cu:1422: indexSelectLargeIndex: block: [134,0,0], thread: [2,0,0] Assertion `srcIndex < srcSelectDimSize` failed.
/pytorch/aten/src/ATen/native/cuda/Indexing.cu:1422: indexSelectLargeIndex: block: [134,0,0], thread: [3,0,0] Assertion `srcIndex < srcSelectDimSize` failed.
/pytorch/aten/src/ATen/native/cuda/Indexing.cu:1422: indexSelectLargeIndex: block: [134,0,0], thread: [4,0,0] Assertion `srcIndex < srcSelectDimSize` failed.
/pytorch/aten/src/ATen/native/cuda/Indexing.cu:1422: indexSelectLargeIndex: block: [134,0,0], thread: [5,0,0] Assertion `srcIndex < srcSelectDimSize` failed.
/pytorch/aten/src/ATen/native/cuda/Indexing.cu:1422: indexSelectLargeIndex: block: [134,0,0], thread: [6,0,0] Assertion `srcIndex < srcSelectDimSize` failed.
/pytorch/aten/src/ATen/native/cuda/Indexing.cu:1422: indexSelectLargeIndex: block: [134,0,0], thread: [7,0,0] Assertion `srcIndex < srcSelectDimSize` failed.
/pytorch/aten/src/ATen/native/cuda/Indexing.cu:1422: indexSelectLargeIndex: block: [134,0,0], thread: [8,0,0] Assertion `srcIndex < srcSelectDimSize` failed.
/pytorch/aten/src/ATen/native/cuda/Indexing.cu:1422: indexSelectLargeIndex: block: [134,0,0], thread: [9,0,0] Assertion `srcIndex < srcSelectDimSize` failed.
/pytorch/aten/src/ATen/native/cuda/Indexing.cu:1422: indexSelectLargeIndex: block: [134,0,0], thread: [10,0,0] Assertion `srcIndex < srcSelectDimSize` failed.
/pytorch/aten/src/ATen/native/cuda/Indexing.cu:1422: indexSelectLargeIndex: block: [134,0,0], thread: [11,0,0] Assertion `srcIndex < srcSelectDimSize` failed.
/pytorch/aten/src/ATen/native/cuda/Indexing.cu:1422: indexSelectLargeIndex: block: [134,0,0], thread: [12,0,0] Assertion `srcIndex < srcSelectDimSize` failed.
/pytorch/aten/src/ATen/native/cuda/Indexing.cu:1422: indexSelectLargeIndex: block: [134,0,0], thread: [13,0,0] Assertion `srcIndex < srcSelectDimSize` failed.
/pytorch/aten/src/ATen/native/cuda/Indexing.cu:1422: indexSelectLargeIndex: block: [134,0,0], thread: [14,0,0] Assertion `srcIndex < srcSelectDimSize` failed.
/pytorch/aten/src/ATen/native/cuda/Indexing.cu:1422: indexSelectLargeIndex: block: [134,0,0], thread: [15,0,0] Assertion `srcIndex < srcSelectDimSize` failed.
/pytorch/aten/src/ATen/native/cuda/Indexing.cu:1422: indexSelectLargeIndex: block: [134,0,0], thread: [16,0,0] Assertion `srcIndex < srcSelectDimSize` failed.
/pytorch/aten/src/ATen/native/cuda/Indexing.cu:1422: indexSelectLargeIndex: block: [134,0,0], thread: [17,0,0] Assertion `srcIndex < srcSelectDimSize` failed.
/pytorch/aten/src/ATen/native/cuda/Indexing.cu:1422: indexSelectLargeIndex: block: [134,0,0], thread: [18,0,0] Assertion `srcIndex < srcSelectDimSize` failed.
/pytorch/aten/src/ATen/native/cuda/Indexing.cu:1422: indexSelectLargeIndex: block: [134,0,0], thread: [19,0,0] Assertion `srcIndex < srcSelectDimSize` failed.
/pytorch/aten/src/ATen/native/cuda/Indexing.cu:1422: indexSelectLargeIndex: block: [134,0,0], thread: [20,0,0] Assertion `srcIndex < srcSelectDimSize` failed.
/pytorch/aten/src/ATen/native/cuda/Indexing.cu:1422: indexSelectLargeIndex: block: [134,0,0], thread: [21,0,0] Assertion `srcIndex < srcSelectDimSize` failed.
/pytorch/aten/src/ATen/native/cuda/Indexing.cu:1422: indexSelectLargeIndex: block: [134,0,0], thread: [22,0,0] Assertion `srcIndex < srcSelectDimSize` failed.
/pytorch/aten/src/ATen/native/cuda/Indexing.cu:1422: indexSelectLargeIndex: block: [134,0,0], thread: [23,0,0] Assertion `srcIndex < srcSelectDimSize` failed.
/pytorch/aten/src/ATen/native/cuda/Indexing.cu:1422: indexSelectLargeIndex: block: [134,0,0], thread: [24,0,0] Assertion `srcIndex < srcSelectDimSize` failed.
/pytorch/aten/src/ATen/native/cuda/Indexing.cu:1422: indexSelectLargeIndex: block: [134,0,0], thread: [25,0,0] Assertion `srcIndex < srcSelectDimSize` failed.
/pytorch/aten/src/ATen/native/cuda/Indexing.cu:1422: indexSelectLargeIndex: block: [134,0,0], thread: [26,0,0] Assertion `srcIndex < srcSelectDimSize` failed.
/pytorch/aten/src/ATen/native/cuda/Indexing.cu:1422: indexSelectLargeIndex: block: [134,0,0], thread: [27,0,0] Assertion `srcIndex < srcSelectDimSize` failed.
/pytorch/aten/src/ATen/native/cuda/Indexing.cu:1422: indexSelectLargeIndex: block: [134,0,0], thread: [28,0,0] Assertion `srcIndex < srcSelectDimSize` failed.
/pytorch/aten/src/ATen/native/cuda/Indexing.cu:1422: indexSelectLargeIndex: block: [134,0,0], thread: [29,0,0] Assertion `srcIndex < srcSelectDimSize` failed.
/pytorch/aten/src/ATen/native/cuda/Indexing.cu:1422: indexSelectLargeIndex: block: [134,0,0], thread: [30,0,0] Assertion `srcIndex < srcSelectDimSize` failed.
/pytorch/aten/src/ATen/native/cuda/Indexing.cu:1422: indexSelectLargeIndex: block: [134,0,0], thread: [31,0,0] Assertion `srcIndex < srcSelectDimSize` failed.
/pytorch/aten/src/ATen/native/cuda/Indexing.cu:1422: indexSelectLargeIndex: block: [25,0,0], thread: [96,0,0] Assertion `srcIndex < srcSelectDimSize` failed.
/pytorch/aten/src/ATen/native/cuda/Indexing.cu:1422: indexSelectLargeIndex: block: [25,0,0], thread: [97,0,0] Assertion `srcIndex < srcSelectDimSize` failed.
/pytorch/aten/src/ATen/native/cuda/Indexing.cu:1422: indexSelectLargeIndex: block: [25,0,0], thread: [98,0,0] Assertion `srcIndex < srcSelectDimSize` failed.
/pytorch/aten/src/ATen/native/cuda/Indexing.cu:1422: indexSelectLargeIndex: block: [25,0,0], thread: [99,0,0] Assertion `srcIndex < srcSelectDimSize` failed.
/pytorch/aten/src/ATen/native/cuda/Indexing.cu:1422: indexSelectLargeIndex: block: [25,0,0], thread: [100,0,0] Assertion `srcIndex < srcSelectDimSize` failed.
/pytorch/aten/src/ATen/native/cuda/Indexing.cu:1422: indexSelectLargeIndex: block: [25,0,0], thread: [101,0,0] Assertion `srcIndex < srcSelectDimSize` failed.
/pytorch/aten/src/ATen/native/cuda/Indexing.cu:1422: indexSelectLargeIndex: block: [25,0,0], thread: [102,0,0] Assertion `srcIndex < srcSelectDimSize` failed.
/pytorch/aten/src/ATen/native/cuda/Indexing.cu:1422: indexSelectLargeIndex: block: [25,0,0], thread: [103,0,0] Assertion `srcIndex < srcSelectDimSize` failed.
/pytorch/aten/src/ATen/native/cuda/Indexing.cu:1422: indexSelectLargeIndex: block: [25,0,0], thread: [104,0,0] Assertion `srcIndex < srcSelectDimSize` failed.
/pytorch/aten/src/ATen/native/cuda/Indexing.cu:1422: indexSelectLargeIndex: block: [25,0,0], thread: [105,0,0] Assertion `srcIndex < srcSelectDimSize` failed.
/pytorch/aten/src/ATen/native/cuda/Indexing.cu:1422: indexSelectLargeIndex: block: [25,0,0], thread: [106,0,0] Assertion `srcIndex < srcSelectDimSize` failed.
/pytorch/aten/src/ATen/native/cuda/Indexing.cu:1422: indexSelectLargeIndex: block: [25,0,0], thread: [107,0,0] Assertion `srcIndex < srcSelectDimSize` failed.
/pytorch/aten/src/ATen/native/cuda/Indexing.cu:1422: indexSelectLargeIndex: block: [25,0,0], thread: [108,0,0] Assertion `srcIndex < srcSelectDimSize` failed.
/pytorch/aten/src/ATen/native/cuda/Indexing.cu:1422: indexSelectLargeIndex: block: [25,0,0], thread: [109,0,0] Assertion `srcIndex < srcSelectDimSize` failed.
/pytorch/aten/src/ATen/native/cuda/Indexing.cu:1422: indexSelectLargeIndex: block: [25,0,0], thread: [110,0,0] Assertion `srcIndex < srcSelectDimSize` failed.
/pytorch/aten/src/ATen/native/cuda/Indexing.cu:1422: indexSelectLargeIndex: block: [25,0,0], thread: [111,0,0] Assertion `srcIndex < srcSelectDimSize` failed.
/pytorch/aten/src/ATen/native/cuda/Indexing.cu:1422: indexSelectLargeIndex: block: [25,0,0], thread: [112,0,0] Assertion `srcIndex < srcSelectDimSize` failed.
/pytorch/aten/src/ATen/native/cuda/Indexing.cu:1422: indexSelectLargeIndex: block: [25,0,0], thread: [113,0,0] Assertion `srcIndex < srcSelectDimSize` failed.
/pytorch/aten/src/ATen/native/cuda/Indexing.cu:1422: indexSelectLargeIndex: block: [25,0,0], thread: [114,0,0] Assertion `srcIndex < srcSelectDimSize` failed.
/pytorch/aten/src/ATen/native/cuda/Indexing.cu:1422: indexSelectLargeIndex: block: [25,0,0], thread: [115,0,0] Assertion `srcIndex < srcSelectDimSize` failed.
/pytorch/aten/src/ATen/native/cuda/Indexing.cu:1422: indexSelectLargeIndex: block: [25,0,0], thread: [116,0,0] Assertion `srcIndex < srcSelectDimSize` failed.
/pytorch/aten/src/ATen/native/cuda/Indexing.cu:1422: indexSelectLargeIndex: block: [25,0,0], thread: [117,0,0] Assertion `srcIndex < srcSelectDimSize` failed.
/pytorch/aten/src/ATen/native/cuda/Indexing.cu:1422: indexSelectLargeIndex: block: [25,0,0], thread: [118,0,0] Assertion `srcIndex < srcSelectDimSize` failed.
/pytorch/aten/src/ATen/native/cuda/Indexing.cu:1422: indexSelectLargeIndex: block: [25,0,0], thread: [119,0,0] Assertion `srcIndex < srcSelectDimSize` failed.
/pytorch/aten/src/ATen/native/cuda/Indexing.cu:1422: indexSelectLargeIndex: block: [25,0,0], thread: [120,0,0] Assertion `srcIndex < srcSelectDimSize` failed.
/pytorch/aten/src/ATen/native/cuda/Indexing.cu:1422: indexSelectLargeIndex: block: [25,0,0], thread: [121,0,0] Assertion `srcIndex < srcSelectDimSize` failed.
/pytorch/aten/src/ATen/native/cuda/Indexing.cu:1422: indexSelectLargeIndex: block: [25,0,0], thread: [122,0,0] Assertion `srcIndex < srcSelectDimSize` failed.
/pytorch/aten/src/ATen/native/cuda/Indexing.cu:1422: indexSelectLargeIndex: block: [25,0,0], thread: [123,0,0] Assertion `srcIndex < srcSelectDimSize` failed.
/pytorch/aten/src/ATen/native/cuda/Indexing.cu:1422: indexSelectLargeIndex: block: [25,0,0], thread: [124,0,0] Assertion `srcIndex < srcSelectDimSize` failed.
/pytorch/aten/src/ATen/native/cuda/Indexing.cu:1422: indexSelectLargeIndex: block: [25,0,0], thread: [125,0,0] Assertion `srcIndex < srcSelectDimSize` failed.
/pytorch/aten/src/ATen/native/cuda/Indexing.cu:1422: indexSelectLargeIndex: block: [25,0,0], thread: [126,0,0] Assertion `srcIndex < srcSelectDimSize` failed.
/pytorch/aten/src/ATen/native/cuda/Indexing.cu:1422: indexSelectLargeIndex: block: [25,0,0], thread: [127,0,0] Assertion `srcIndex < srcSelectDimSize` failed.
/pytorch/aten/src/ATen/native/cuda/Indexing.cu:1422: indexSelectLargeIndex: block: [75,0,0], thread: [96,0,0] Assertion `srcIndex < srcSelectDimSize` failed.
/pytorch/aten/src/ATen/native/cuda/Indexing.cu:1422: indexSelectLargeIndex: block: [75,0,0], thread: [97,0,0] Assertion `srcIndex < srcSelectDimSize` failed.
/pytorch/aten/src/ATen/native/cuda/Indexing.cu:1422: indexSelectLargeIndex: block: [75,0,0], thread: [98,0,0] Assertion `srcIndex < srcSelectDimSize` failed.
/pytorch/aten/src/ATen/native/cuda/Indexing.cu:1422: indexSelectLargeIndex: block: [75,0,0], thread: [99,0,0] Assertion `srcIndex < srcSelectDimSize` failed.
/pytorch/aten/src/ATen/native/cuda/Indexing.cu:1422: indexSelectLargeIndex: block: [75,0,0], thread: [100,0,0] Assertion `srcIndex < srcSelectDimSize` failed.
/pytorch/aten/src/ATen/native/cuda/Indexing.cu:1422: indexSelectLargeIndex: block: [75,0,0], thread: [101,0,0] Assertion `srcIndex < srcSelectDimSize` failed.
/pytorch/aten/src/ATen/native/cuda/Indexing.cu:1422: indexSelectLargeIndex: block: [75,0,0], thread: [102,0,0] Assertion `srcIndex < srcSelectDimSize` failed.
/pytorch/aten/src/ATen/native/cuda/Indexing.cu:1422: indexSelectLargeIndex: block: [75,0,0], thread: [103,0,0] Assertion `srcIndex < srcSelectDimSize` failed.
/pytorch/aten/src/ATen/native/cuda/Indexing.cu:1422: indexSelectLargeIndex: block: [75,0,0], thread: [104,0,0] Assertion `srcIndex < srcSelectDimSize` failed.
/pytorch/aten/src/ATen/native/cuda/Indexing.cu:1422: indexSelectLargeIndex: block: [75,0,0], thread: [105,0,0] Assertion `srcIndex < srcSelectDimSize` failed.
/pytorch/aten/src/ATen/native/cuda/Indexing.cu:1422: indexSelectLargeIndex: block: [75,0,0], thread: [106,0,0] Assertion `srcIndex < srcSelectDimSize` failed.
/pytorch/aten/src/ATen/native/cuda/Indexing.cu:1422: indexSelectLargeIndex: block: [75,0,0], thread: [107,0,0] Assertion `srcIndex < srcSelectDimSize` failed.
/pytorch/aten/src/ATen/native/cuda/Indexing.cu:1422: indexSelectLargeIndex: block: [75,0,0], thread: [108,0,0] Assertion `srcIndex < srcSelectDimSize` failed.
/pytorch/aten/src/ATen/native/cuda/Indexing.cu:1422: indexSelectLargeIndex: block: [75,0,0], thread: [109,0,0] Assertion `srcIndex < srcSelectDimSize` failed.
/pytorch/aten/src/ATen/native/cuda/Indexing.cu:1422: indexSelectLargeIndex: block: [75,0,0], thread: [110,0,0] Assertion `srcIndex < srcSelectDimSize` failed.
/pytorch/aten/src/ATen/native/cuda/Indexing.cu:1422: indexSelectLargeIndex: block: [75,0,0], thread: [111,0,0] Assertion `srcIndex < srcSelectDimSize` failed.
/pytorch/aten/src/ATen/native/cuda/Indexing.cu:1422: indexSelectLargeIndex: block: [75,0,0], thread: [112,0,0] Assertion `srcIndex < srcSelectDimSize` failed.
/pytorch/aten/src/ATen/native/cuda/Indexing.cu:1422: indexSelectLargeIndex: block: [75,0,0], thread: [113,0,0] Assertion `srcIndex < srcSelectDimSize` failed.
/pytorch/aten/src/ATen/native/cuda/Indexing.cu:1422: indexSelectLargeIndex: block: [75,0,0], thread: [114,0,0] Assertion `srcIndex < srcSelectDimSize` failed.
/pytorch/aten/src/ATen/native/cuda/Indexing.cu:1422: indexSelectLargeIndex: block: [75,0,0], thread: [115,0,0] Assertion `srcIndex < srcSelectDimSize` failed.
/pytorch/aten/src/ATen/native/cuda/Indexing.cu:1422: indexSelectLargeIndex: block: [75,0,0], thread: [116,0,0] Assertion `srcIndex < srcSelectDimSize` failed.
/pytorch/aten/src/ATen/native/cuda/Indexing.cu:1422: indexSelectLargeIndex: block: [75,0,0], thread: [117,0,0] Assertion `srcIndex < srcSelectDimSize` failed.
/pytorch/aten/src/ATen/native/cuda/Indexing.cu:1422: indexSelectLargeIndex: block: [75,0,0], thread: [118,0,0] Assertion `srcIndex < srcSelectDimSize` failed.
/pytorch/aten/src/ATen/native/cuda/Indexing.cu:1422: indexSelectLargeIndex: block: [75,0,0], thread: [119,0,0] Assertion `srcIndex < srcSelectDimSize` failed.
/pytorch/aten/src/ATen/native/cuda/Indexing.cu:1422: indexSelectLargeIndex: block: [75,0,0], thread: [120,0,0] Assertion `srcIndex < srcSelectDimSize` failed.
/pytorch/aten/src/ATen/native/cuda/Indexing.cu:1422: indexSelectLargeIndex: block: [75,0,0], thread: [121,0,0] Assertion `srcIndex < srcSelectDimSize` failed.
/pytorch/aten/src/ATen/native/cuda/Indexing.cu:1422: indexSelectLargeIndex: block: [75,0,0], thread: [122,0,0] Assertion `srcIndex < srcSelectDimSize` failed.
/pytorch/aten/src/ATen/native/cuda/Indexing.cu:1422: indexSelectLargeIndex: block: [75,0,0], thread: [123,0,0] Assertion `srcIndex < srcSelectDimSize` failed.
/pytorch/aten/src/ATen/native/cuda/Indexing.cu:1422: indexSelectLargeIndex: block: [75,0,0], thread: [124,0,0] Assertion `srcIndex < srcSelectDimSize` failed.
/pytorch/aten/src/ATen/native/cuda/Indexing.cu:1422: indexSelectLargeIndex: block: [75,0,0], thread: [125,0,0] Assertion `srcIndex < srcSelectDimSize` failed.
/pytorch/aten/src/ATen/native/cuda/Indexing.cu:1422: indexSelectLargeIndex: block: [75,0,0], thread: [126,0,0] Assertion `srcIndex < srcSelectDimSize` failed.
/pytorch/aten/src/ATen/native/cuda/Indexing.cu:1422: indexSelectLargeIndex: block: [75,0,0], thread: [127,0,0] Assertion `srcIndex < srcSelectDimSize` failed.
/pytorch/aten/src/ATen/native/cuda/Indexing.cu:1422: indexSelectLargeIndex: block: [64,0,0], thread: [0,0,0] Assertion `srcIndex < srcSelectDimSize` failed.
/pytorch/aten/src/ATen/native/cuda/Indexing.cu:1422: indexSelectLargeIndex: block: [64,0,0], thread: [1,0,0] Assertion `srcIndex < srcSelectDimSize` failed.
/pytorch/aten/src/ATen/native/cuda/Indexing.cu:1422: indexSelectLargeIndex: block: [64,0,0], thread: [2,0,0] Assertion `srcIndex < srcSelectDimSize` failed.
/pytorch/aten/src/ATen/native/cuda/Indexing.cu:1422: indexSelectLargeIndex: block: [64,0,0], thread: [3,0,0] Assertion `srcIndex < srcSelectDimSize` failed.
/pytorch/aten/src/ATen/native/cuda/Indexing.cu:1422: indexSelectLargeIndex: block: [64,0,0], thread: [4,0,0] Assertion `srcIndex < srcSelectDimSize` failed.
/pytorch/aten/src/ATen/native/cuda/Indexing.cu:1422: indexSelectLargeIndex: block: [64,0,0], thread: [5,0,0] Assertion `srcIndex < srcSelectDimSize` failed.
/pytorch/aten/src/ATen/native/cuda/Indexing.cu:1422: indexSelectLargeIndex: block: [64,0,0], thread: [6,0,0] Assertion `srcIndex < srcSelectDimSize` failed.
/pytorch/aten/src/ATen/native/cuda/Indexing.cu:1422: indexSelectLargeIndex: block: [64,0,0], thread: [7,0,0] Assertion `srcIndex < srcSelectDimSize` failed.
/pytorch/aten/src/ATen/native/cuda/Indexing.cu:1422: indexSelectLargeIndex: block: [64,0,0], thread: [8,0,0] Assertion `srcIndex < srcSelectDimSize` failed.
/pytorch/aten/src/ATen/native/cuda/Indexing.cu:1422: indexSelectLargeIndex: block: [64,0,0], thread: [9,0,0] Assertion `srcIndex < srcSelectDimSize` failed.
/pytorch/aten/src/ATen/native/cuda/Indexing.cu:1422: indexSelectLargeIndex: block: [64,0,0], thread: [10,0,0] Assertion `srcIndex < srcSelectDimSize` failed.
/pytorch/aten/src/ATen/native/cuda/Indexing.cu:1422: indexSelectLargeIndex: block: [64,0,0], thread: [11,0,0] Assertion `srcIndex < srcSelectDimSize` failed.
/pytorch/aten/src/ATen/native/cuda/Indexing.cu:1422: indexSelectLargeIndex: block: [64,0,0], thread: [12,0,0] Assertion `srcIndex < srcSelectDimSize` failed.
/pytorch/aten/src/ATen/native/cuda/Indexing.cu:1422: indexSelectLargeIndex: block: [64,0,0], thread: [13,0,0] Assertion `srcIndex < srcSelectDimSize` failed.
/pytorch/aten/src/ATen/native/cuda/Indexing.cu:1422: indexSelectLargeIndex: block: [64,0,0], thread: [14,0,0] Assertion `srcIndex < srcSelectDimSize` failed.
/pytorch/aten/src/ATen/native/cuda/Indexing.cu:1422: indexSelectLargeIndex: block: [64,0,0], thread: [15,0,0] Assertion `srcIndex < srcSelectDimSize` failed.
/pytorch/aten/src/ATen/native/cuda/Indexing.cu:1422: indexSelectLargeIndex: block: [64,0,0], thread: [16,0,0] Assertion `srcIndex < srcSelectDimSize` failed.
/pytorch/aten/src/ATen/native/cuda/Indexing.cu:1422: indexSelectLargeIndex: block: [64,0,0], thread: [17,0,0] Assertion `srcIndex < srcSelectDimSize` failed.
/pytorch/aten/src/ATen/native/cuda/Indexing.cu:1422: indexSelectLargeIndex: block: [64,0,0], thread: [18,0,0] Assertion `srcIndex < srcSelectDimSize` failed.
/pytorch/aten/src/ATen/native/cuda/Indexing.cu:1422: indexSelectLargeIndex: block: [64,0,0], thread: [19,0,0] Assertion `srcIndex < srcSelectDimSize` failed.
/pytorch/aten/src/ATen/native/cuda/Indexing.cu:1422: indexSelectLargeIndex: block: [64,0,0], thread: [20,0,0] Assertion `srcIndex < srcSelectDimSize` failed.
/pytorch/aten/src/ATen/native/cuda/Indexing.cu:1422: indexSelectLargeIndex: block: [64,0,0], thread: [21,0,0] Assertion `srcIndex < srcSelectDimSize` failed.
/pytorch/aten/src/ATen/native/cuda/Indexing.cu:1422: indexSelectLargeIndex: block: [64,0,0], thread: [22,0,0] Assertion `srcIndex < srcSelectDimSize` failed.
/pytorch/aten/src/ATen/native/cuda/Indexing.cu:1422: indexSelectLargeIndex: block: [64,0,0], thread: [23,0,0] Assertion `srcIndex < srcSelectDimSize` failed.
/pytorch/aten/src/ATen/native/cuda/Indexing.cu:1422: indexSelectLargeIndex: block: [64,0,0], thread: [24,0,0] Assertion `srcIndex < srcSelectDimSize` failed.
/pytorch/aten/src/ATen/native/cuda/Indexing.cu:1422: indexSelectLargeIndex: block: [64,0,0], thread: [25,0,0] Assertion `srcIndex < srcSelectDimSize` failed.
/pytorch/aten/src/ATen/native/cuda/Indexing.cu:1422: indexSelectLargeIndex: block: [64,0,0], thread: [26,0,0] Assertion `srcIndex < srcSelectDimSize` failed.
/pytorch/aten/src/ATen/native/cuda/Indexing.cu:1422: indexSelectLargeIndex: block: [64,0,0], thread: [27,0,0] Assertion `srcIndex < srcSelectDimSize` failed.
/pytorch/aten/src/ATen/native/cuda/Indexing.cu:1422: indexSelectLargeIndex: block: [64,0,0], thread: [28,0,0] Assertion `srcIndex < srcSelectDimSize` failed.
/pytorch/aten/src/ATen/native/cuda/Indexing.cu:1422: indexSelectLargeIndex: block: [64,0,0], thread: [29,0,0] Assertion `srcIndex < srcSelectDimSize` failed.
/pytorch/aten/src/ATen/native/cuda/Indexing.cu:1422: indexSelectLargeIndex: block: [64,0,0], thread: [30,0,0] Assertion `srcIndex < srcSelectDimSize` failed.
/pytorch/aten/src/ATen/native/cuda/Indexing.cu:1422: indexSelectLargeIndex: block: [64,0,0], thread: [31,0,0] Assertion `srcIndex < srcSelectDimSize` failed.
/pytorch/aten/src/ATen/native/cuda/Indexing.cu:1422: indexSelectLargeIndex: block: [89,0,0], thread: [96,0,0] Assertion `srcIndex < srcSelectDimSize` failed.
/pytorch/aten/src/ATen/native/cuda/Indexing.cu:1422: indexSelectLargeIndex: block: [89,0,0], thread: [97,0,0] Assertion `srcIndex < srcSelectDimSize` failed.
/pytorch/aten/src/ATen/native/cuda/Indexing.cu:1422: indexSelectLargeIndex: block: [89,0,0], thread: [98,0,0] Assertion `srcIndex < srcSelectDimSize` failed.
/pytorch/aten/src/ATen/native/cuda/Indexing.cu:1422: indexSelectLargeIndex: block: [89,0,0], thread: [99,0,0] Assertion `srcIndex < srcSelectDimSize` failed.
/pytorch/aten/src/ATen/native/cuda/Indexing.cu:1422: indexSelectLargeIndex: block: [89,0,0], thread: [100,0,0] Assertion `srcIndex < srcSelectDimSize` failed.
/pytorch/aten/src/ATen/native/cuda/Indexing.cu:1422: indexSelectLargeIndex: block: [89,0,0], thread: [101,0,0] Assertion `srcIndex < srcSelectDimSize` failed.
/pytorch/aten/src/ATen/native/cuda/Indexing.cu:1422: indexSelectLargeIndex: block: [89,0,0], thread: [102,0,0] Assertion `srcIndex < srcSelectDimSize` failed.
/pytorch/aten/src/ATen/native/cuda/Indexing.cu:1422: indexSelectLargeIndex: block: [89,0,0], thread: [103,0,0] Assertion `srcIndex < srcSelectDimSize` failed.
/pytorch/aten/src/ATen/native/cuda/Indexing.cu:1422: indexSelectLargeIndex: block: [89,0,0], thread: [104,0,0] Assertion `srcIndex < srcSelectDimSize` failed.
/pytorch/aten/src/ATen/native/cuda/Indexing.cu:1422: indexSelectLargeIndex: block: [89,0,0], thread: [105,0,0] Assertion `srcIndex < srcSelectDimSize` failed.
/pytorch/aten/src/ATen/native/cuda/Indexing.cu:1422: indexSelectLargeIndex: block: [89,0,0], thread: [106,0,0] Assertion `srcIndex < srcSelectDimSize` failed.
/pytorch/aten/src/ATen/native/cuda/Indexing.cu:1422: indexSelectLargeIndex: block: [89,0,0], thread: [107,0,0] Assertion `srcIndex < srcSelectDimSize` failed.
/pytorch/aten/src/ATen/native/cuda/Indexing.cu:1422: indexSelectLargeIndex: block: [89,0,0], thread: [108,0,0] Assertion `srcIndex < srcSelectDimSize` failed.
/pytorch/aten/src/ATen/native/cuda/Indexing.cu:1422: indexSelectLargeIndex: block: [89,0,0], thread: [109,0,0] Assertion `srcIndex < srcSelectDimSize` failed.
/pytorch/aten/src/ATen/native/cuda/Indexing.cu:1422: indexSelectLargeIndex: block: [89,0,0], thread: [110,0,0] Assertion `srcIndex < srcSelectDimSize` failed.
/pytorch/aten/src/ATen/native/cuda/Indexing.cu:1422: indexSelectLargeIndex: block: [89,0,0], thread: [111,0,0] Assertion `srcIndex < srcSelectDimSize` failed.
/pytorch/aten/src/ATen/native/cuda/Indexing.cu:1422: indexSelectLargeIndex: block: [89,0,0], thread: [112,0,0] Assertion `srcIndex < srcSelectDimSize` failed.
/pytorch/aten/src/ATen/native/cuda/Indexing.cu:1422: indexSelectLargeIndex: block: [89,0,0], thread: [113,0,0] Assertion `srcIndex < srcSelectDimSize` failed.
/pytorch/aten/src/ATen/native/cuda/Indexing.cu:1422: indexSelectLargeIndex: block: [89,0,0], thread: [114,0,0] Assertion `srcIndex < srcSelectDimSize` failed.
/pytorch/aten/src/ATen/native/cuda/Indexing.cu:1422: indexSelectLargeIndex: block: [89,0,0], thread: [115,0,0] Assertion `srcIndex < srcSelectDimSize` failed.
/pytorch/aten/src/ATen/native/cuda/Indexing.cu:1422: indexSelectLargeIndex: block: [89,0,0], thread: [116,0,0] Assertion `srcIndex < srcSelectDimSize` failed.
/pytorch/aten/src/ATen/native/cuda/Indexing.cu:1422: indexSelectLargeIndex: block: [89,0,0], thread: [117,0,0] Assertion `srcIndex < srcSelectDimSize` failed.
/pytorch/aten/src/ATen/native/cuda/Indexing.cu:1422: indexSelectLargeIndex: block: [89,0,0], thread: [118,0,0] Assertion `srcIndex < srcSelectDimSize` failed.
/pytorch/aten/src/ATen/native/cuda/Indexing.cu:1422: indexSelectLargeIndex: block: [89,0,0], thread: [119,0,0] Assertion `srcIndex < srcSelectDimSize` failed.
/pytorch/aten/src/ATen/native/cuda/Indexing.cu:1422: indexSelectLargeIndex: block: [89,0,0], thread: [120,0,0] Assertion `srcIndex < srcSelectDimSize` failed.
/pytorch/aten/src/ATen/native/cuda/Indexing.cu:1422: indexSelectLargeIndex: block: [89,0,0], thread: [121,0,0] Assertion `srcIndex < srcSelectDimSize` failed.
/pytorch/aten/src/ATen/native/cuda/Indexing.cu:1422: indexSelectLargeIndex: block: [89,0,0], thread: [122,0,0] Assertion `srcIndex < srcSelectDimSize` failed.
/pytorch/aten/src/ATen/native/cuda/Indexing.cu:1422: indexSelectLargeIndex: block: [89,0,0], thread: [123,0,0] Assertion `srcIndex < srcSelectDimSize` failed.
/pytorch/aten/src/ATen/native/cuda/Indexing.cu:1422: indexSelectLargeIndex: block: [89,0,0], thread: [124,0,0] Assertion `srcIndex < srcSelectDimSize` failed.
/pytorch/aten/src/ATen/native/cuda/Indexing.cu:1422: indexSelectLargeIndex: block: [89,0,0], thread: [125,0,0] Assertion `srcIndex < srcSelectDimSize` failed.
/pytorch/aten/src/ATen/native/cuda/Indexing.cu:1422: indexSelectLargeIndex: block: [89,0,0], thread: [126,0,0] Assertion `srcIndex < srcSelectDimSize` failed.
/pytorch/aten/src/ATen/native/cuda/Indexing.cu:1422: indexSelectLargeIndex: block: [89,0,0], thread: [127,0,0] Assertion `srcIndex < srcSelectDimSize` failed.
/pytorch/aten/src/ATen/native/cuda/Indexing.cu:1422: indexSelectLargeIndex: block: [106,0,0], thread: [96,0,0] Assertion `srcIndex < srcSelectDimSize` failed.
/pytorch/aten/src/ATen/native/cuda/Indexing.cu:1422: indexSelectLargeIndex: block: [106,0,0], thread: [97,0,0] Assertion `srcIndex < srcSelectDimSize` failed.
/pytorch/aten/src/ATen/native/cuda/Indexing.cu:1422: indexSelectLargeIndex: block: [106,0,0], thread: [98,0,0] Assertion `srcIndex < srcSelectDimSize` failed.
/pytorch/aten/src/ATen/native/cuda/Indexing.cu:1422: indexSelectLargeIndex: block: [106,0,0], thread: [99,0,0] Assertion `srcIndex < srcSelectDimSize` failed.
/pytorch/aten/src/ATen/native/cuda/Indexing.cu:1422: indexSelectLargeIndex: block: [106,0,0], thread: [100,0,0] Assertion `srcIndex < srcSelectDimSize` failed.
/pytorch/aten/src/ATen/native/cuda/Indexing.cu:1422: indexSelectLargeIndex: block: [106,0,0], thread: [101,0,0] Assertion `srcIndex < srcSelectDimSize` failed.
/pytorch/aten/src/ATen/native/cuda/Indexing.cu:1422: indexSelectLargeIndex: block: [106,0,0], thread: [102,0,0] Assertion `srcIndex < srcSelectDimSize` failed.
/pytorch/aten/src/ATen/native/cuda/Indexing.cu:1422: indexSelectLargeIndex: block: [106,0,0], thread: [103,0,0] Assertion `srcIndex < srcSelectDimSize` failed.
/pytorch/aten/src/ATen/native/cuda/Indexing.cu:1422: indexSelectLargeIndex: block: [106,0,0], thread: [104,0,0] Assertion `srcIndex < srcSelectDimSize` failed.
/pytorch/aten/src/ATen/native/cuda/Indexing.cu:1422: indexSelectLargeIndex: block: [106,0,0], thread: [105,0,0] Assertion `srcIndex < srcSelectDimSize` failed.
/pytorch/aten/src/ATen/native/cuda/Indexing.cu:1422: indexSelectLargeIndex: block: [106,0,0], thread: [106,0,0] Assertion `srcIndex < srcSelectDimSize` failed.
/pytorch/aten/src/ATen/native/cuda/Indexing.cu:1422: indexSelectLargeIndex: block: [106,0,0], thread: [107,0,0] Assertion `srcIndex < srcSelectDimSize` failed.
/pytorch/aten/src/ATen/native/cuda/Indexing.cu:1422: indexSelectLargeIndex: block: [106,0,0], thread: [108,0,0] Assertion `srcIndex < srcSelectDimSize` failed.
/pytorch/aten/src/ATen/native/cuda/Indexing.cu:1422: indexSelectLargeIndex: block: [106,0,0], thread: [109,0,0] Assertion `srcIndex < srcSelectDimSize` failed.
/pytorch/aten/src/ATen/native/cuda/Indexing.cu:1422: indexSelectLargeIndex: block: [106,0,0], thread: [110,0,0] Assertion `srcIndex < srcSelectDimSize` failed.
/pytorch/aten/src/ATen/native/cuda/Indexing.cu:1422: indexSelectLargeIndex: block: [106,0,0], thread: [111,0,0] Assertion `srcIndex < srcSelectDimSize` failed.
/pytorch/aten/src/ATen/native/cuda/Indexing.cu:1422: indexSelectLargeIndex: block: [106,0,0], thread: [112,0,0] Assertion `srcIndex < srcSelectDimSize` failed.
/pytorch/aten/src/ATen/native/cuda/Indexing.cu:1422: indexSelectLargeIndex: block: [106,0,0], thread: [113,0,0] Assertion `srcIndex < srcSelectDimSize` failed.
/pytorch/aten/src/ATen/native/cuda/Indexing.cu:1422: indexSelectLargeIndex: block: [106,0,0], thread: [114,0,0] Assertion `srcIndex < srcSelectDimSize` failed.
/pytorch/aten/src/ATen/native/cuda/Indexing.cu:1422: indexSelectLargeIndex: block: [106,0,0], thread: [115,0,0] Assertion `srcIndex < srcSelectDimSize` failed.
/pytorch/aten/src/ATen/native/cuda/Indexing.cu:1422: indexSelectLargeIndex: block: [106,0,0], thread: [116,0,0] Assertion `srcIndex < srcSelectDimSize` failed.
/pytorch/aten/src/ATen/native/cuda/Indexing.cu:1422: indexSelectLargeIndex: block: [106,0,0], thread: [117,0,0] Assertion `srcIndex < srcSelectDimSize` failed.
/pytorch/aten/src/ATen/native/cuda/Indexing.cu:1422: indexSelectLargeIndex: block: [106,0,0], thread: [118,0,0] Assertion `srcIndex < srcSelectDimSize` failed.
/pytorch/aten/src/ATen/native/cuda/Indexing.cu:1422: indexSelectLargeIndex: block: [106,0,0], thread: [119,0,0] Assertion `srcIndex < srcSelectDimSize` failed.
/pytorch/aten/src/ATen/native/cuda/Indexing.cu:1422: indexSelectLargeIndex: block: [106,0,0], thread: [120,0,0] Assertion `srcIndex < srcSelectDimSize` failed.
/pytorch/aten/src/ATen/native/cuda/Indexing.cu:1422: indexSelectLargeIndex: block: [106,0,0], thread: [121,0,0] Assertion `srcIndex < srcSelectDimSize` failed.
/pytorch/aten/src/ATen/native/cuda/Indexing.cu:1422: indexSelectLargeIndex: block: [106,0,0], thread: [122,0,0] Assertion `srcIndex < srcSelectDimSize` failed.
/pytorch/aten/src/ATen/native/cuda/Indexing.cu:1422: indexSelectLargeIndex: block: [106,0,0], thread: [123,0,0] Assertion `srcIndex < srcSelectDimSize` failed.
/pytorch/aten/src/ATen/native/cuda/Indexing.cu:1422: indexSelectLargeIndex: block: [106,0,0], thread: [124,0,0] Assertion `srcIndex < srcSelectDimSize` failed.
/pytorch/aten/src/ATen/native/cuda/Indexing.cu:1422: indexSelectLargeIndex: block: [106,0,0], thread: [125,0,0] Assertion `srcIndex < srcSelectDimSize` failed.
/pytorch/aten/src/ATen/native/cuda/Indexing.cu:1422: indexSelectLargeIndex: block: [106,0,0], thread: [126,0,0] Assertion `srcIndex < srcSelectDimSize` failed.
/pytorch/aten/src/ATen/native/cuda/Indexing.cu:1422: indexSelectLargeIndex: block: [106,0,0], thread: [127,0,0] Assertion `srcIndex < srcSelectDimSize` failed.
Traceback (most recent call last):
  File "/projects/m000076/mryan0/autometrics/autometrics/metrics/reference_based/BARTScore.py", line 82, in score
    output = self.model(
             ^^^^^^^^^^^
  File "/users/mryan0/.conda/envs/autometrics/lib/python3.12/site-packages/torch/nn/modules/module.py", line 1739, in _wrapped_call_impl
    return self._call_impl(*args, **kwargs)
           ^^^^^^^^^^^^^^^^^^^^^^^^^^^^^^^^
  File "/users/mryan0/.conda/envs/autometrics/lib/python3.12/site-packages/torch/nn/modules/module.py", line 1750, in _call_impl
    return forward_call(*args, **kwargs)
           ^^^^^^^^^^^^^^^^^^^^^^^^^^^^^
  File "/users/mryan0/.conda/envs/autometrics/lib/python3.12/site-packages/transformers/models/bart/modeling_bart.py", line 1643, in forward
    outputs = self.model(
              ^^^^^^^^^^^
  File "/users/mryan0/.conda/envs/autometrics/lib/python3.12/site-packages/torch/nn/modules/module.py", line 1739, in _wrapped_call_impl
    return self._call_impl(*args, **kwargs)
           ^^^^^^^^^^^^^^^^^^^^^^^^^^^^^^^^
  File "/users/mryan0/.conda/envs/autometrics/lib/python3.12/site-packages/torch/nn/modules/module.py", line 1750, in _call_impl
    return forward_call(*args, **kwargs)
           ^^^^^^^^^^^^^^^^^^^^^^^^^^^^^
  File "/users/mryan0/.conda/envs/autometrics/lib/python3.12/site-packages/transformers/models/bart/modeling_bart.py", line 1509, in forward
    encoder_outputs = self.encoder(
                      ^^^^^^^^^^^^^
  File "/users/mryan0/.conda/envs/autometrics/lib/python3.12/site-packages/torch/nn/modules/module.py", line 1739, in _wrapped_call_impl
    return self._call_impl(*args, **kwargs)
           ^^^^^^^^^^^^^^^^^^^^^^^^^^^^^^^^
  File "/users/mryan0/.conda/envs/autometrics/lib/python3.12/site-packages/torch/nn/modules/module.py", line 1750, in _call_impl
    return forward_call(*args, **kwargs)
           ^^^^^^^^^^^^^^^^^^^^^^^^^^^^^
  File "/users/mryan0/.conda/envs/autometrics/lib/python3.12/site-packages/transformers/models/bart/modeling_bart.py", line 1076, in forward
    attention_mask = _prepare_4d_attention_mask_for_sdpa(attention_mask, inputs_embeds.dtype)
                     ^^^^^^^^^^^^^^^^^^^^^^^^^^^^^^^^^^^^^^^^^^^^^^^^^^^^^^^^^^^^^^^^^^^^^^^^
  File "/users/mryan0/.conda/envs/autometrics/lib/python3.12/site-packages/transformers/modeling_attn_mask_utils.py", line 448, in _prepare_4d_attention_mask_for_sdpa
    if not is_tracing and torch.all(mask == 1):
                          ^^^^^^^^^^^^^^^^^^^^
RuntimeError: CUDA error: device-side assert triggered
CUDA kernel errors might be asynchronously reported at some other API call, so the stacktrace below might be incorrect.
For debugging consider passing CUDA_LAUNCH_BLOCKING=1
Compile with `TORCH_USE_CUDA_DSA` to enable device-side assertions.

Traceback (most recent call last):
  File "/projects/m000076/mryan0/autometrics/autometrics/metrics/reference_based/BARTScore.py", line 82, in score
    output = self.model(
             ^^^^^^^^^^^
  File "/users/mryan0/.conda/envs/autometrics/lib/python3.12/site-packages/torch/nn/modules/module.py", line 1739, in _wrapped_call_impl
    return self._call_impl(*args, **kwargs)
           ^^^^^^^^^^^^^^^^^^^^^^^^^^^^^^^^
  File "/users/mryan0/.conda/envs/autometrics/lib/python3.12/site-packages/torch/nn/modules/module.py", line 1750, in _call_impl
    return forward_call(*args, **kwargs)
           ^^^^^^^^^^^^^^^^^^^^^^^^^^^^^
  File "/users/mryan0/.conda/envs/autometrics/lib/python3.12/site-packages/transformers/models/bart/modeling_bart.py", line 1643, in forward
    outputs = self.model(
              ^^^^^^^^^^^
  File "/users/mryan0/.conda/envs/autometrics/lib/python3.12/site-packages/torch/nn/modules/module.py", line 1739, in _wrapped_call_impl
    return self._call_impl(*args, **kwargs)
           ^^^^^^^^^^^^^^^^^^^^^^^^^^^^^^^^
  File "/users/mryan0/.conda/envs/autometrics/lib/python3.12/site-packages/torch/nn/modules/module.py", line 1750, in _call_impl
    return forward_call(*args, **kwargs)
           ^^^^^^^^^^^^^^^^^^^^^^^^^^^^^
  File "/users/mryan0/.conda/envs/autometrics/lib/python3.12/site-packages/transformers/models/bart/modeling_bart.py", line 1509, in forward
    encoder_outputs = self.encoder(
                      ^^^^^^^^^^^^^
  File "/users/mryan0/.conda/envs/autometrics/lib/python3.12/site-packages/torch/nn/modules/module.py", line 1739, in _wrapped_call_impl
    return self._call_impl(*args, **kwargs)
           ^^^^^^^^^^^^^^^^^^^^^^^^^^^^^^^^
  File "/users/mryan0/.conda/envs/autometrics/lib/python3.12/site-packages/torch/nn/modules/module.py", line 1750, in _call_impl
    return forward_call(*args, **kwargs)
           ^^^^^^^^^^^^^^^^^^^^^^^^^^^^^
  File "/users/mryan0/.conda/envs/autometrics/lib/python3.12/site-packages/transformers/models/bart/modeling_bart.py", line 1076, in forward
    attention_mask = _prepare_4d_attention_mask_for_sdpa(attention_mask, inputs_embeds.dtype)
                     ^^^^^^^^^^^^^^^^^^^^^^^^^^^^^^^^^^^^^^^^^^^^^^^^^^^^^^^^^^^^^^^^^^^^^^^^
  File "/users/mryan0/.conda/envs/autometrics/lib/python3.12/site-packages/transformers/modeling_attn_mask_utils.py", line 448, in _prepare_4d_attention_mask_for_sdpa
    if not is_tracing and torch.all(mask == 1):
                          ^^^^^^^^^^^^^^^^^^^^
RuntimeError: CUDA error: device-side assert triggered
CUDA kernel errors might be asynchronously reported at some other API call, so the stacktrace below might be incorrect.
For debugging consider passing CUDA_LAUNCH_BLOCKING=1
Compile with `TORCH_USE_CUDA_DSA` to enable device-side assertions.


The above exception was the direct cause of the following exception:

Traceback (most recent call last):
  File "/projects/m000076/mryan0/autometrics/design2code.py", line 35, in <module>
    train.add_metrics(all_metrics)
  File "/projects/m000076/mryan0/autometrics/autometrics/dataset/Dataset.py", line 95, in add_metrics
    self.add_metric(metric, update_dataset=update_dataset)
  File "/projects/m000076/mryan0/autometrics/autometrics/dataset/PairwiseDataset.py", line 129, in add_metric
    self.model1_dataset.add_metric(metric, update_dataset=update_dataset)
  File "/projects/m000076/mryan0/autometrics/autometrics/dataset/Dataset.py", line 91, in add_metric
    metric.predict(self, update_dataset=update_dataset)
  File "/projects/m000076/mryan0/autometrics/autometrics/metrics/reference_based/ReferenceBasedMetric.py", line 56, in predict
    results = self.calculate_batched(inputs, outputs, references)
              ^^^^^^^^^^^^^^^^^^^^^^^^^^^^^^^^^^^^^^^^^^^^^^^^^^^
  File "/projects/m000076/mryan0/autometrics/autometrics/metrics/reference_based/BARTScore.py", line 323, in calculate_batched
    sc = self.bart_scorer.score(
         ^^^^^^^^^^^^^^^^^^^^^^^
  File "/projects/m000076/mryan0/autometrics/autometrics/metrics/reference_based/BARTScore.py", line 100, in score
    raise RuntimeError(
RuntimeError: Error scoring batch starting at index 0: CUDA error: device-side assert triggered
CUDA kernel errors might be asynchronously reported at some other API call, so the stacktrace below might be incorrect.
For debugging consider passing CUDA_LAUNCH_BLOCKING=1
Compile with `TORCH_USE_CUDA_DSA` to enable device-side assertions.

