2025-06-10 17:57:07,390 - INFO - PyTorch version 2.7.0 available.
2025-06-10 17:57:12,453 - INFO - Using default tokenizer.
2025-06-10 17:57:16,424 - INFO - Writing outputs to: outputs/correlation/CoGymLessonOutcome
2025-06-10 17:57:16,425 - INFO - Loading dataset: CoGymLessonOutcome
Traceback (most recent call last):
  File "/juice2/scr2/nlp/personal-rm/autometrics/autometrics/experiments/correlation/benchmark_correlation.py", line 270, in <module>
    sys.exit(main())
             ^^^^^^
  File "/juice2/scr2/nlp/personal-rm/autometrics/autometrics/experiments/correlation/benchmark_correlation.py", line 195, in main
    dataset = load_dataset(args.dataset)
              ^^^^^^^^^^^^^^^^^^^^^^^^^^
  File "/juice2/scr2/nlp/personal-rm/autometrics/autometrics/experiments/correlation/benchmark_correlation.py", line 127, in load_dataset
    raise RuntimeError(f"Could not resolve dataset identifier '{identifier}'.")
RuntimeError: Could not resolve dataset identifier 'CoGymLessonOutcome'.
2025-06-10 17:57:23,306 - INFO - PyTorch version 2.7.0 available.
2025-06-10 17:57:27,844 - INFO - Using default tokenizer.
2025-06-10 17:57:31,260 - INFO - Writing outputs to: outputs/correlation/CoGymLessonProcess
2025-06-10 17:57:31,260 - INFO - Loading dataset: CoGymLessonProcess
Traceback (most recent call last):
  File "/juice2/scr2/nlp/personal-rm/autometrics/autometrics/experiments/correlation/benchmark_correlation.py", line 270, in <module>
    sys.exit(main())
             ^^^^^^
  File "/juice2/scr2/nlp/personal-rm/autometrics/autometrics/experiments/correlation/benchmark_correlation.py", line 195, in main
    dataset = load_dataset(args.dataset)
              ^^^^^^^^^^^^^^^^^^^^^^^^^^
  File "/juice2/scr2/nlp/personal-rm/autometrics/autometrics/experiments/correlation/benchmark_correlation.py", line 127, in load_dataset
    raise RuntimeError(f"Could not resolve dataset identifier '{identifier}'.")
RuntimeError: Could not resolve dataset identifier 'CoGymLessonProcess'.
2025-06-10 17:57:39,220 - INFO - PyTorch version 2.7.0 available.
2025-06-10 17:57:43,832 - INFO - Using default tokenizer.
2025-06-10 17:57:47,523 - INFO - Writing outputs to: outputs/correlation/CoGymTabularOutcome
2025-06-10 17:57:47,523 - INFO - Loading dataset: CoGymTabularOutcome
Traceback (most recent call last):
  File "/juice2/scr2/nlp/personal-rm/autometrics/autometrics/experiments/correlation/benchmark_correlation.py", line 270, in <module>
    sys.exit(main())
             ^^^^^^
  File "/juice2/scr2/nlp/personal-rm/autometrics/autometrics/experiments/correlation/benchmark_correlation.py", line 195, in main
    dataset = load_dataset(args.dataset)
              ^^^^^^^^^^^^^^^^^^^^^^^^^^
  File "/juice2/scr2/nlp/personal-rm/autometrics/autometrics/experiments/correlation/benchmark_correlation.py", line 127, in load_dataset
    raise RuntimeError(f"Could not resolve dataset identifier '{identifier}'.")
RuntimeError: Could not resolve dataset identifier 'CoGymTabularOutcome'.
2025-06-10 17:57:53,614 - INFO - PyTorch version 2.7.0 available.
2025-06-10 17:57:57,552 - INFO - Using default tokenizer.
2025-06-10 17:58:01,004 - INFO - Writing outputs to: outputs/correlation/CoGymTabularProcess
2025-06-10 17:58:01,004 - INFO - Loading dataset: CoGymTabularProcess
Traceback (most recent call last):
  File "/juice2/scr2/nlp/personal-rm/autometrics/autometrics/experiments/correlation/benchmark_correlation.py", line 270, in <module>
    sys.exit(main())
             ^^^^^^
  File "/juice2/scr2/nlp/personal-rm/autometrics/autometrics/experiments/correlation/benchmark_correlation.py", line 195, in main
    dataset = load_dataset(args.dataset)
              ^^^^^^^^^^^^^^^^^^^^^^^^^^
  File "/juice2/scr2/nlp/personal-rm/autometrics/autometrics/experiments/correlation/benchmark_correlation.py", line 127, in load_dataset
    raise RuntimeError(f"Could not resolve dataset identifier '{identifier}'.")
RuntimeError: Could not resolve dataset identifier 'CoGymTabularProcess'.
2025-06-10 17:58:10,019 - INFO - PyTorch version 2.7.0 available.
2025-06-10 17:58:14,662 - INFO - Using default tokenizer.
2025-06-10 17:58:17,779 - INFO - Writing outputs to: outputs/correlation/CoGymTravelOutcome
2025-06-10 17:58:17,780 - INFO - Loading dataset: CoGymTravelOutcome
Traceback (most recent call last):
  File "/juice2/scr2/nlp/personal-rm/autometrics/autometrics/experiments/correlation/benchmark_correlation.py", line 270, in <module>
    sys.exit(main())
             ^^^^^^
  File "/juice2/scr2/nlp/personal-rm/autometrics/autometrics/experiments/correlation/benchmark_correlation.py", line 195, in main
    dataset = load_dataset(args.dataset)
              ^^^^^^^^^^^^^^^^^^^^^^^^^^
  File "/juice2/scr2/nlp/personal-rm/autometrics/autometrics/experiments/correlation/benchmark_correlation.py", line 127, in load_dataset
    raise RuntimeError(f"Could not resolve dataset identifier '{identifier}'.")
RuntimeError: Could not resolve dataset identifier 'CoGymTravelOutcome'.
2025-06-10 17:58:25,100 - INFO - PyTorch version 2.7.0 available.
2025-06-10 17:58:29,044 - INFO - Using default tokenizer.
2025-06-10 17:58:32,214 - INFO - Writing outputs to: outputs/correlation/CoGymTravelProcess
2025-06-10 17:58:32,214 - INFO - Loading dataset: CoGymTravelProcess
Traceback (most recent call last):
  File "/juice2/scr2/nlp/personal-rm/autometrics/autometrics/experiments/correlation/benchmark_correlation.py", line 270, in <module>
    sys.exit(main())
             ^^^^^^
  File "/juice2/scr2/nlp/personal-rm/autometrics/autometrics/experiments/correlation/benchmark_correlation.py", line 195, in main
    dataset = load_dataset(args.dataset)
              ^^^^^^^^^^^^^^^^^^^^^^^^^^
  File "/juice2/scr2/nlp/personal-rm/autometrics/autometrics/experiments/correlation/benchmark_correlation.py", line 127, in load_dataset
    raise RuntimeError(f"Could not resolve dataset identifier '{identifier}'.")
RuntimeError: Could not resolve dataset identifier 'CoGymTravelProcess'.
2025-06-10 17:58:39,498 - INFO - PyTorch version 2.7.0 available.
2025-06-10 17:58:43,690 - INFO - Using default tokenizer.
2025-06-10 17:58:47,388 - INFO - Writing outputs to: outputs/correlation/Design2Code
2025-06-10 17:58:47,388 - INFO - Loading dataset: Design2Code
Generating train split:   0%|          | 0/700 [00:00<?, ? examples/s]Generating train split:  14%|█▍        | 100/700 [00:00<00:03, 161.51 examples/s]Generating train split:  29%|██▊       | 200/700 [00:00<00:02, 236.82 examples/s]Generating train split:  43%|████▎     | 300/700 [00:01<00:01, 336.47 examples/s]Generating train split:  57%|█████▋    | 400/700 [00:01<00:00, 334.73 examples/s]Generating train split:  71%|███████▏  | 500/700 [00:01<00:00, 429.34 examples/s]Generating train split:  86%|████████▌ | 600/700 [00:01<00:00, 446.30 examples/s]Generating train split: 100%|██████████| 700/700 [00:03<00:00, 216.29 examples/s]
2025-06-10 17:59:39,285 - INFO - Using 47 metrics.
2025-06-10 17:59:39,285 - INFO - Running correlations: pearson, spearman, kendall
